<?xml version="1.0" encoding="UTF-8"?>
<!-- Generated by org.testng.reporters.JUnitXMLReporter -->
<testsuite hostname="PUSHANTH-M-G3PD" ignored="0" name="Default test" tests="5" failures="0" timestamp="26 Apr 2018 11:17:39 GMT" time="143.115" errors="0">
  <testcase name="testWithInvalidEmailId" time="29.86" classname="com.komoot.library.Generic"/>
  <testcase name="testForMandatoryFieldName" time="16.45" classname="com.komoot.library.Generic"/>
  <testcase name="testForMandatoryFieldEmail" time="18.525" classname="com.komoot.library.Generic"/>
  <testcase name="testForMandatoryFieldPassword" time="24.76" classname="com.komoot.library.Generic"/>
  <testcase name="testForValidSignUp" time="21.527" classname="com.komoot.library.Generic"/>
</testsuite> <!-- Default test -->
